<?xml version="1.0" encoding="UTF-8"?>
<!-- Generated by org.testng.reporters.JUnitXMLReporter -->
<testsuite hostname="DESKTOP-J4JC96B" failures="1" tests="1" name="validating title" time="11.59" errors="0" timestamp="31 May 2019 17:04:08 GMT">
  <testcase classname="Com.automationtest.validateTitle" name="basepageNavigation" time="0.034">
    <failure type="junit.framework.ComparisonFailure" message="expected:&amp;lt;...&amp;gt; but was:&amp;lt;...123&amp;gt;">
      <![CDATA[junit.framework.ComparisonFailure: expected:<...> but was:<...123>
	at junit.framework.Assert.assertEquals(Assert.java:81)
	at junit.framework.Assert.assertEquals(Assert.java:87)
	at Com.automationtest.validateTitle.basepageNavigation(validateTitle.java:36)
... Removed 24 stack frames]]>
    </failure>
  </testcase> <!-- basepageNavigation -->
</testsuite> <!-- validating title -->
